生成启动时间为 2014/1/20 16:00:30。
     1>项目“D:\音频渲染\PCM_Rendering\PCM_Rendering\PCM_Rendering.vcxproj”在节点 2 上(rebuild 个目标)。
     1>_PrepareForClean:
         正在删除文件“Debug\PCM_Rendering.lastbuildstate”。
       InitializeBuildStatus:
         正在创建“Debug\PCM_Rendering.unsuccessfulbuild”，因为已指定“AlwaysCreate”。
       ClCompile:
         C:\Program Files\Microsoft Visual Studio 10.0\VC\bin\CL.exe /c /ID:\Boost /ID:\log4cppSDK\include /I"C:\Program Files\VideoLAN\VLC\sdk\include" /IC:\twolame_sdk\include /IC:\ffmpegsdk\include /ZI /nologo /W3 /WX- /Od /Oy- /D WIN32 /D _DEBUG /D _WINDOWS /D _USRDLL /D PCM_RENDERING_EXPORTS /D _WINDLL /D _UNICODE /D UNICODE /Gm /EHsc /RTC1 /MDd /GS /fp:precise /Zc:wchar_t /Zc:forScope /Yc"StdAfx.h" /Fp"Debug\PCM_Rendering.pch" /Fo"Debug\\" /Fd"Debug\vc100.pdb" /Gd /TP /analyze- /errorReport:prompt stdafx.cpp
         stdafx.cpp
         C:\Program Files\Microsoft Visual Studio 10.0\VC\bin\CL.exe /c /ID:\Boost /ID:\log4cppSDK\include /I"C:\Program Files\VideoLAN\VLC\sdk\include" /IC:\twolame_sdk\include /IC:\ffmpegsdk\include /ZI /nologo /W3 /WX- /Od /Oy- /D WIN32 /D _DEBUG /D _WINDOWS /D _USRDLL /D PCM_RENDERING_EXPORTS /D _WINDLL /D _UNICODE /D UNICODE /Gm /EHsc /RTC1 /MDd /GS /fp:precise /Zc:wchar_t /Zc:forScope /Fo"Debug\\" /Fd"Debug\vc100.pdb" /Gd /TP /analyze- /errorReport:prompt dllmain.cpp
         dllmain.cpp
         C:\Program Files\Microsoft Visual Studio 10.0\VC\bin\CL.exe /c /ID:\Boost /ID:\log4cppSDK\include /I"C:\Program Files\VideoLAN\VLC\sdk\include" /IC:\twolame_sdk\include /IC:\ffmpegsdk\include /ZI /nologo /W3 /WX- /Od /Oy- /D WIN32 /D _DEBUG /D _WINDOWS /D _USRDLL /D PCM_RENDERING_EXPORTS /D _WINDLL /D _UNICODE /D UNICODE /Gm /EHsc /RTC1 /MDd /GS /fp:precise /Zc:wchar_t /Zc:forScope /Yu"StdAfx.h" /Fp"Debug\PCM_Rendering.pch" /Fo"Debug\\" /Fd"Debug\vc100.pdb" /Gd /TP /analyze- /errorReport:prompt PCM_Rendering.cpp
         PCM_Rendering.cpp
       ManifestResourceCompile:
         C:\Program Files\Microsoft SDKs\Windows\v7.0A\bin\rc.exe /nologo /fo"Debug\PCM_Rendering.dll.embed.manifest.res" Debug\PCM_Rendering_manifest.rc 
       Link:
         C:\Program Files\Microsoft Visual Studio 10.0\VC\bin\link.exe /ERRORREPORT:PROMPT /OUT:"D:\音频渲染\PCM_Rendering\Debug\PCM_Rendering.dll" /INCREMENTAL /NOLOGO /LIBPATH:D:\Boost\stage\lib /LIBPATH:D:\log4cppSDK\lib /LIBPATH:"C:\Program Files\VideoLAN\VLC\sdk\lib" /LIBPATH:C:\twolame_sdk\lib /LIBPATH:C:\ffmpegsdk\lib libvlc.lib libvlccore.lib libtwolame_dll.lib twolame_staticD.lib avcodec.lib avdevice.lib avfilter.lib avformat.lib avutil.lib postproc.lib swresample.lib swscale.lib AssetsManagerTest.lib CrystalCraze.lib glew32.lib libBox2D.lib libchipmunk.lib libcocos2d.lib libCocosDenshion.lib libcurl_imp.lib libExtensions.lib libiconv.lib libjpeg.lib libJSBinding.lib liblua.lib libtiff.lib libwebp.lib libzlib.lib lua51.lib MoonWarriors.lib mozjs.lib pthreadVCE2.lib sqlite3.lib TestJavascript.lib WatermelonWithMe.lib kernel32.lib user32.lib gdi32.lib winspool.lib comdlg32.lib advapi32.lib shell32.lib ole32.lib oleaut32.lib uuid.lib odbc32.lib odbccp32.lib /DEF:"pcm_render.def" /MANIFEST /ManifestFile:"Debug\PCM_Rendering.dll.intermediate.manifest" /MANIFESTUAC:"level='asInvoker' uiAccess='false'" /DEBUG /PDB:"D:\音频渲染\PCM_Rendering\Debug\PCM_Rendering.pdb" /SUBSYSTEM:WINDOWS /TLBID:1 /DYNAMICBASE /NXCOMPAT /IMPLIB:"D:\音频渲染\PCM_Rendering\Debug\PCM_Rendering.lib" /MACHINE:X86 /DLL Debug\PCM_Rendering.dll.embed.manifest.res
         Debug\dllmain.obj
         Debug\PCM_Rendering.obj
         Debug\stdafx.obj
            正在创建库 D:\音频渲染\PCM_Rendering\Debug\PCM_Rendering.lib 和对象 D:\音频渲染\PCM_Rendering\Debug\PCM_Rendering.exp
       Manifest:
         正在删除文件“Debug\PCM_Rendering.dll.embed.manifest”。
         C:\Program Files\Microsoft SDKs\Windows\v7.0A\bin\mt.exe /nologo /verbose /out:"Debug\PCM_Rendering.dll.embed.manifest" /manifest Debug\PCM_Rendering.dll.intermediate.manifest
         C:\Program Files\Microsoft SDKs\Windows\v7.0A\bin\rc.exe /nologo /fo"Debug\PCM_Rendering.dll.embed.manifest.res" Debug\PCM_Rendering_manifest.rc 
       LinkEmbedManifest:
         C:\Program Files\Microsoft Visual Studio 10.0\VC\bin\link.exe /ERRORREPORT:PROMPT /OUT:"D:\音频渲染\PCM_Rendering\Debug\PCM_Rendering.dll" /INCREMENTAL /NOLOGO /LIBPATH:D:\Boost\stage\lib /LIBPATH:D:\log4cppSDK\lib /LIBPATH:"C:\Program Files\VideoLAN\VLC\sdk\lib" /LIBPATH:C:\twolame_sdk\lib /LIBPATH:C:\ffmpegsdk\lib libvlc.lib libvlccore.lib libtwolame_dll.lib twolame_staticD.lib avcodec.lib avdevice.lib avfilter.lib avformat.lib avutil.lib postproc.lib swresample.lib swscale.lib AssetsManagerTest.lib CrystalCraze.lib glew32.lib libBox2D.lib libchipmunk.lib libcocos2d.lib libCocosDenshion.lib libcurl_imp.lib libExtensions.lib libiconv.lib libjpeg.lib libJSBinding.lib liblua.lib libtiff.lib libwebp.lib libzlib.lib lua51.lib MoonWarriors.lib mozjs.lib pthreadVCE2.lib sqlite3.lib TestJavascript.lib WatermelonWithMe.lib kernel32.lib user32.lib gdi32.lib winspool.lib comdlg32.lib advapi32.lib shell32.lib ole32.lib oleaut32.lib uuid.lib odbc32.lib odbccp32.lib /DEF:"pcm_render.def" /MANIFEST /ManifestFile:"Debug\PCM_Rendering.dll.intermediate.manifest" /MANIFESTUAC:"level='asInvoker' uiAccess='false'" /DEBUG /PDB:"D:\音频渲染\PCM_Rendering\Debug\PCM_Rendering.pdb" /SUBSYSTEM:WINDOWS /TLBID:1 /DYNAMICBASE /NXCOMPAT /IMPLIB:"D:\音频渲染\PCM_Rendering\Debug\PCM_Rendering.lib" /MACHINE:X86 /DLL Debug\PCM_Rendering.dll.embed.manifest.res
         Debug\dllmain.obj
         Debug\PCM_Rendering.obj
         Debug\stdafx.obj
            正在创建库 D:\音频渲染\PCM_Rendering\Debug\PCM_Rendering.lib 和对象 D:\音频渲染\PCM_Rendering\Debug\PCM_Rendering.exp
         PCM_Rendering.vcxproj -> D:\音频渲染\PCM_Rendering\Debug\PCM_Rendering.dll
       FinalizeBuildStatus:
         正在删除文件“Debug\PCM_Rendering.unsuccessfulbuild”。
         正在对“Debug\PCM_Rendering.lastbuildstate”执行 Touch 任务。
     1>已完成生成项目“D:\音频渲染\PCM_Rendering\PCM_Rendering\PCM_Rendering.vcxproj”(rebuild 个目标)的操作。

生成成功。

已用时间 00:00:11.29
