D:\音频渲染\PCM_RENDERING\DEBUG\PCM_RENDERING.DLL
D:\音频渲染\PCM_Rendering\Debug\PCM_Rendering.exp
D:\音频渲染\PCM_RENDERING\DEBUG\PCM_RENDERING.ILK
D:\音频渲染\PCM_Rendering\Debug\PCM_Rendering.lib
D:\音频渲染\PCM_RENDERING\DEBUG\PCM_RENDERING.PDB
D:\音频渲染\PCM_Rendering\PCM_Rendering\Debug\cl.command.1.tlog
D:\音频渲染\PCM_Rendering\PCM_Rendering\Debug\CL.read.1.tlog
D:\音频渲染\PCM_Rendering\PCM_Rendering\Debug\CL.write.1.tlog
D:\音频渲染\PCM_RENDERING\PCM_RENDERING\DEBUG\DLLMAIN.OBJ
D:\音频渲染\PCM_Rendering\PCM_Rendering\Debug\link.27952.read.1.tlog
D:\音频渲染\PCM_Rendering\PCM_Rendering\Debug\link.27952.write.1.tlog
D:\音频渲染\PCM_Rendering\PCM_Rendering\Debug\link.27952-cvtres.read.1.tlog
D:\音频渲染\PCM_Rendering\PCM_Rendering\Debug\link.27952-cvtres.write.1.tlog
D:\音频渲染\PCM_Rendering\PCM_Rendering\Debug\link.command.1.tlog
D:\音频渲染\PCM_Rendering\PCM_Rendering\Debug\link.read.1.tlog
D:\音频渲染\PCM_Rendering\PCM_Rendering\Debug\link.write.1.tlog
D:\音频渲染\PCM_Rendering\PCM_Rendering\Debug\link-cvtres.read.1.tlog
D:\音频渲染\PCM_Rendering\PCM_Rendering\Debug\link-cvtres.write.1.tlog
D:\音频渲染\PCM_Rendering\PCM_Rendering\Debug\mt.command.1.tlog
D:\音频渲染\PCM_Rendering\PCM_Rendering\Debug\mt.read.1.tlog
D:\音频渲染\PCM_Rendering\PCM_Rendering\Debug\mt.write.1.tlog
D:\音频渲染\PCM_RENDERING\PCM_RENDERING\DEBUG\PCM_RENDERING.DLL.EMBED.MANIFEST
D:\音频渲染\PCM_RENDERING\PCM_RENDERING\DEBUG\PCM_RENDERING.DLL.EMBED.MANIFEST.RES
D:\音频渲染\PCM_RENDERING\PCM_RENDERING\DEBUG\PCM_RENDERING.DLL.INTERMEDIATE.MANIFEST
D:\音频渲染\PCM_RENDERING\PCM_RENDERING\DEBUG\PCM_RENDERING.OBJ
D:\音频渲染\PCM_RENDERING\PCM_RENDERING\DEBUG\PCM_RENDERING.PCH
D:\音频渲染\PCM_Rendering\PCM_Rendering\Debug\PCM_Rendering.write.1.tlog
D:\音频渲染\PCM_Rendering\PCM_Rendering\Debug\PCM_Rendering_manifest.rc
D:\音频渲染\PCM_Rendering\PCM_Rendering\Debug\rc.command.1.tlog
D:\音频渲染\PCM_Rendering\PCM_Rendering\Debug\rc.read.1.tlog
D:\音频渲染\PCM_Rendering\PCM_Rendering\Debug\rc.write.1.tlog
D:\音频渲染\PCM_RENDERING\PCM_RENDERING\DEBUG\STDAFX.OBJ
D:\音频渲染\PCM_Rendering\PCM_Rendering\Debug\vc100.idb
D:\音频渲染\PCM_RENDERING\PCM_RENDERING\DEBUG\VC100.PDB
